<?xml version="1.0" encoding="UTF-8"?>
<!-- Generated by org.testng.reporters.JUnitXMLReporter -->
<testsuite hostname="Gagan" ignored="0" name="Default test" tests="5" failures="0" timestamp="19 Aug 2021 15:18:12 GMT" time="2.183" errors="0">
  <testcase name="getRequestOfAllUsers" time="1.633" classname="com.qa.tests.BaseTest"/>
  <testcase name="getRequestOfSelectUser" time="0.058" classname="com.qa.tests.BaseTest"/>
  <testcase name="getRequestWithNoUserExist" time="0.017" classname="com.qa.tests.BaseTest"/>
  <testcase name="postRequest" time="0.043" classname="com.qa.tests.BaseTest"/>
  <testcase name="putRequest" time="0.021" classname="com.qa.tests.BaseTest"/>
</testsuite> <!-- Default test -->
